refund_webhook.log: Stripe\Charge JSON: {
    "id": "ch_3PNruWIXbeKO1uxj1Q203GQc",
    "object": "charge",
    "amount": 1100,
    "amount_captured": 1100,
    "amount_refunded": 1099,
    "application": null,
    "application_fee": null,
    "application_fee_amount": null,
    "balance_transaction": "txn_3PNruWIXbeKO1uxj1SzplrgN",
    "billing_details": {
        "address": {
            "city": null,
            "country": "VN",
            "line1": null,
            "line2": null,
            "postal_code": null,
            "state": null
        },
        "email": "voanlaptrinh@gmail.com",
        "name": "LE DUY KHANH",
        "phone": null
    },
    "calculated_statement_descriptor": "Stripe",
    "captured": true,
    "created": 1717486561,
    "currency": "usd",
    "customer": "cus_QEKZGH2xoGnsPk",
    "description": "Subscription creation",
    "destination": null,
    "dispute": null,
    "disputed": false,
    "failure_balance_transaction": null,
    "failure_code": null,
    "failure_message": null,
    "fraud_details": [],
    "invoice": "in_1PNruWIXbeKO1uxju53masXi",
    "livemode": false,
    "metadata": [],
    "on_behalf_of": null,
    "order": null,
    "outcome": {
        "network_status": "approved_by_network",
        "reason": null,
        "risk_level": "normal",
        "risk_score": 45,
        "seller_message": "Payment complete.",
        "type": "authorized"
    },
    "paid": true,
    "payment_intent": "pi_3PNruWIXbeKO1uxj1nBL7xSO",
    "payment_method": "pm_1PNruVIXbeKO1uxjHIQmxbAI",
    "payment_method_details": {
        "card": {
            "amount_authorized": 1100,
            "brand": "visa",
            "checks": {
                "address_line1_check": null,
                "address_postal_code_check": null,
                "cvc_check": null
            },
            "country": "US",
            "exp_month": 4,
            "exp_year": 2044,
            "extended_authorization": {
                "status": "disabled"
            },
            "fingerprint": "HtlObYj6gfuyZtmO",
            "funding": "credit",
            "incremental_authorization": {
                "status": "unavailable"
            },
            "installments": null,
            "last4": "4242",
            "mandate": null,
            "multicapture": {
                "status": "unavailable"
            },
            "network": "visa",
            "network_token": {
                "used": false
            },
            "overcapture": {
                "maximum_amount_capturable": 1100,
                "status": "unavailable"
            },
            "three_d_secure": null,
            "wallet": {
                "dynamic_last4": null,
                "link": [],
                "type": "link"
            }
        },
        "type": "card"
    },
    "radar_options": [],
    "receipt_email": null,
    "receipt_number": null,
    "receipt_url": "https:\/\/pay.stripe.com\/receipts\/invoices\/CAcaFwoVYWNjdF8xT2VEc1BJWGJlS08xdXhqKJKI-7IGMgbmDl0jYH06LBbgLER9YKkcqOf0J39hI2q-lk5AQh8UsBQSOxqNan8CHgGfyiIEp2b5frSy?s=ap",
    "refunded": false,
    "review": null,
    "shipping": null,
    "source": null,
    "source_transfer": null,
    "statement_descriptor": null,
    "statement_descriptor_suffix": null,
    "status": "succeeded",
    "transfer_data": null,
    "transfer_group": null
}
refund_webhook.log: Stripe\Charge JSON: {
    "id": "ch_3PNmgAIXbeKO1uxj14JGM18j",
    "object": "charge",
    "amount": 1100,
    "amount_captured": 1100,
    "amount_refunded": 839,
    "application": null,
    "application_fee": null,
    "application_fee_amount": null,
    "balance_transaction": "txn_3PNmgAIXbeKO1uxj13wIDkem",
    "billing_details": {
        "address": {
            "city": null,
            "country": "VN",
            "line1": null,
            "line2": null,
            "postal_code": null,
            "state": null
        },
        "email": "voanlaptrinh@gmail.com",
        "name": "LE DUY KHANH",
        "phone": null
    },
    "calculated_statement_descriptor": "Stripe",
    "captured": true,
    "created": 1717466451,
    "currency": "usd",
    "customer": "cus_QEFACbQvml3YYd",
    "description": "Subscription creation",
    "destination": null,
    "dispute": null,
    "disputed": false,
    "failure_balance_transaction": null,
    "failure_code": null,
    "failure_message": null,
    "fraud_details": [],
    "invoice": "in_1PNmgAIXbeKO1uxj417iVsYi",
    "livemode": false,
    "metadata": [],
    "on_behalf_of": null,
    "order": null,
    "outcome": {
        "network_status": "approved_by_network",
        "reason": null,
        "risk_level": "normal",
        "risk_score": 38,
        "seller_message": "Payment complete.",
        "type": "authorized"
    },
    "paid": true,
    "payment_intent": "pi_3PNmgAIXbeKO1uxj1cruINKz",
    "payment_method": "pm_1PNmg8IXbeKO1uxjGVrpbxlx",
    "payment_method_details": {
        "card": {
            "amount_authorized": 1100,
            "brand": "visa",
            "checks": {
                "address_line1_check": null,
                "address_postal_code_check": null,
                "cvc_check": null
            },
            "country": "US",
            "exp_month": 4,
            "exp_year": 2044,
            "extended_authorization": {
                "status": "disabled"
            },
            "fingerprint": "HtlObYj6gfuyZtmO",
            "funding": "credit",
            "incremental_authorization": {
                "status": "unavailable"
            },
            "installments": null,
            "last4": "4242",
            "mandate": null,
            "multicapture": {
                "status": "unavailable"
            },
            "network": "visa",
            "network_token": {
                "used": false
            },
            "overcapture": {
                "maximum_amount_capturable": 1100,
                "status": "unavailable"
            },
            "three_d_secure": null,
            "wallet": {
                "dynamic_last4": null,
                "link": [],
                "type": "link"
            }
        },
        "type": "card"
    },
    "radar_options": [],
    "receipt_email": null,
    "receipt_number": null,
    "receipt_url": "https:\/\/pay.stripe.com\/receipts\/invoices\/CAcaFwoVYWNjdF8xT2VEc1BJWGJlS08xdXhqKNKK-7IGMgYQYUhXpxg6LBZBB8KipQWNZkr7L2ENOheZN8uzhYCtjscY1U-jw_QArVeBoKzAZx8R-ktY?s=ap",
    "refunded": false,
    "review": null,
    "shipping": null,
    "source": null,
    "source_transfer": null,
    "statement_descriptor": null,
    "statement_descriptor_suffix": null,
    "status": "succeeded",
    "transfer_data": null,
    "transfer_group": null
}
refund_webhook.log: Stripe\Charge JSON: {
    "id": "ch_3PNs7JIXbeKO1uxj1i1qMi8P",
    "object": "charge",
    "amount": 1100,
    "amount_captured": 1100,
    "amount_refunded": 1098,
    "application": null,
    "application_fee": null,
    "application_fee_amount": null,
    "balance_transaction": "txn_3PNs7JIXbeKO1uxj1FNoOj0w",
    "billing_details": {
        "address": {
            "city": null,
            "country": "VN",
            "line1": null,
            "line2": null,
            "postal_code": null,
            "state": null
        },
        "email": "voanlaptrinh@gmail.com",
        "name": "LE DUY KHANH",
        "phone": null
    },
    "calculated_statement_descriptor": "Stripe",
    "captured": true,
    "created": 1717487354,
    "currency": "usd",
    "customer": "cus_QEKm3BYcePm6u7",
    "description": "Subscription creation",
    "destination": null,
    "dispute": null,
    "disputed": false,
    "failure_balance_transaction": null,
    "failure_code": null,
    "failure_message": null,
    "fraud_details": [],
    "invoice": "in_1PNs7JIXbeKO1uxjFZSHWz4K",
    "livemode": false,
    "metadata": [],
    "on_behalf_of": null,
    "order": null,
    "outcome": {
        "network_status": "approved_by_network",
        "reason": null,
        "risk_level": "normal",
        "risk_score": 27,
        "seller_message": "Payment complete.",
        "type": "authorized"
    },
    "paid": true,
    "payment_intent": "pi_3PNs7JIXbeKO1uxj1QjhiofO",
    "payment_method": "pm_1PNs7IIXbeKO1uxjRyu3WpkR",
    "payment_method_details": {
        "card": {
            "amount_authorized": 1100,
            "brand": "visa",
            "checks": {
                "address_line1_check": null,
                "address_postal_code_check": null,
                "cvc_check": null
            },
            "country": "US",
            "exp_month": 4,
            "exp_year": 2044,
            "extended_authorization": {
                "status": "disabled"
            },
            "fingerprint": "HtlObYj6gfuyZtmO",
            "funding": "credit",
            "incremental_authorization": {
                "status": "unavailable"
            },
            "installments": null,
            "last4": "4242",
            "mandate": null,
            "multicapture": {
                "status": "unavailable"
            },
            "network": "visa",
            "network_token": {
                "used": false
            },
            "overcapture": {
                "maximum_amount_capturable": 1100,
                "status": "unavailable"
            },
            "three_d_secure": null,
            "wallet": {
                "dynamic_last4": null,
                "link": [],
                "type": "link"
            }
        },
        "type": "card"
    },
    "radar_options": [],
    "receipt_email": null,
    "receipt_number": null,
    "receipt_url": "https:\/\/pay.stripe.com\/receipts\/invoices\/CAcaFwoVYWNjdF8xT2VEc1BJWGJlS08xdXhqKIeP-7IGMgb524PZRWs6LBa6tPcDNfJOwBjf6Icc6PpGKW--4tLQEgps-NRZdMxE54mChePrwyjTKViq?s=ap",
    "refunded": false,
    "review": null,
    "shipping": null,
    "source": null,
    "source_transfer": null,
    "statement_descriptor": null,
    "statement_descriptor_suffix": null,
    "status": "succeeded",
    "transfer_data": null,
    "transfer_group": null
}
refund_webhook.log: Stripe\Charge JSON: {
    "id": "ch_3PNsWfIXbeKO1uxj1a0VNlmn",
    "object": "charge",
    "amount": 1100,
    "amount_captured": 1100,
    "amount_refunded": 1100,
    "application": null,
    "application_fee": null,
    "application_fee_amount": null,
    "balance_transaction": "txn_3PNsWfIXbeKO1uxj1ASlWloy",
    "billing_details": {
        "address": {
            "city": null,
            "country": "VN",
            "line1": null,
            "line2": null,
            "postal_code": null,
            "state": null
        },
        "email": "voanlaptrinh@gmail.com",
        "name": "LE DUY KHANH",
        "phone": null
    },
    "calculated_statement_descriptor": "Stripe",
    "captured": true,
    "created": 1717488926,
    "currency": "usd",
    "customer": "cus_QELDgjpU0PQboA",
    "description": "Subscription creation",
    "destination": null,
    "dispute": null,
    "disputed": false,
    "failure_balance_transaction": null,
    "failure_code": null,
    "failure_message": null,
    "fraud_details": [],
    "invoice": "in_1PNsWfIXbeKO1uxjvXhBtAGq",
    "livemode": false,
    "metadata": [],
    "on_behalf_of": null,
    "order": null,
    "outcome": {
        "network_status": "approved_by_network",
        "reason": null,
        "risk_level": "normal",
        "risk_score": 25,
        "seller_message": "Payment complete.",
        "type": "authorized"
    },
    "paid": true,
    "payment_intent": "pi_3PNsWfIXbeKO1uxj1SvrFssR",
    "payment_method": "pm_1PNsWeIXbeKO1uxjUvfMctAn",
    "payment_method_details": {
        "card": {
            "amount_authorized": 1100,
            "brand": "visa",
            "checks": {
                "address_line1_check": null,
                "address_postal_code_check": null,
                "cvc_check": null
            },
            "country": "US",
            "exp_month": 4,
            "exp_year": 2044,
            "extended_authorization": {
                "status": "disabled"
            },
            "fingerprint": "HtlObYj6gfuyZtmO",
            "funding": "credit",
            "incremental_authorization": {
                "status": "unavailable"
            },
            "installments": null,
            "last4": "4242",
            "mandate": null,
            "multicapture": {
                "status": "unavailable"
            },
            "network": "visa",
            "network_token": {
                "used": false
            },
            "overcapture": {
                "maximum_amount_capturable": 1100,
                "status": "unavailable"
            },
            "three_d_secure": null,
            "wallet": {
                "dynamic_last4": null,
                "link": [],
                "type": "link"
            }
        },
        "type": "card"
    },
    "radar_options": [],
    "receipt_email": null,
    "receipt_number": null,
    "receipt_url": "https:\/\/pay.stripe.com\/receipts\/invoices\/CAcaFwoVYWNjdF8xT2VEc1BJWGJlS08xdXhqKKWf-7IGMgbDoO8VIks6LBaUgyKApKmOIc-sDQF-6E6CBlTR8KZhfjrsD0qw158FUNqEHEwg0B68wb_Y?s=ap",
    "refunded": true,
    "review": null,
    "shipping": null,
    "source": null,
    "source_transfer": null,
    "statement_descriptor": null,
    "statement_descriptor_suffix": null,
    "status": "succeeded",
    "transfer_data": null,
    "transfer_group": null
}
refund_webhook.log: Stripe\Charge JSON: {
    "id": "ch_3PNmYPIXbeKO1uxj2McN5x7d",
    "object": "charge",
    "amount": 1100,
    "amount_captured": 1100,
    "amount_refunded": 1100,
    "application": null,
    "application_fee": null,
    "application_fee_amount": null,
    "balance_transaction": "txn_3PNmYPIXbeKO1uxj22YWLUBb",
    "billing_details": {
        "address": {
            "city": null,
            "country": "VN",
            "line1": null,
            "line2": null,
            "postal_code": null,
            "state": null
        },
        "email": "voanlaptrinh@gmail.com",
        "name": "LE DUY KHANH",
        "phone": null
    },
    "calculated_statement_descriptor": "Stripe",
    "captured": true,
    "created": 1717465970,
    "currency": "usd",
    "customer": "cus_QEF2LOHOrrVsUk",
    "description": "Subscription creation",
    "destination": null,
    "dispute": null,
    "disputed": false,
    "failure_balance_transaction": null,
    "failure_code": null,
    "failure_message": null,
    "fraud_details": [],
    "invoice": "in_1PNmYPIXbeKO1uxjRk5uqKZj",
    "livemode": false,
    "metadata": [],
    "on_behalf_of": null,
    "order": null,
    "outcome": {
        "network_status": "approved_by_network",
        "reason": null,
        "risk_level": "normal",
        "risk_score": 39,
        "seller_message": "Payment complete.",
        "type": "authorized"
    },
    "paid": true,
    "payment_intent": "pi_3PNmYPIXbeKO1uxj2pvJRNdN",
    "payment_method": "pm_1PNmYOIXbeKO1uxjxV5AG5YX",
    "payment_method_details": {
        "card": {
            "amount_authorized": 1100,
            "brand": "visa",
            "checks": {
                "address_line1_check": null,
                "address_postal_code_check": null,
                "cvc_check": null
            },
            "country": "US",
            "exp_month": 4,
            "exp_year": 2044,
            "extended_authorization": {
                "status": "disabled"
            },
            "fingerprint": "HtlObYj6gfuyZtmO",
            "funding": "credit",
            "incremental_authorization": {
                "status": "unavailable"
            },
            "installments": null,
            "last4": "4242",
            "mandate": null,
            "multicapture": {
                "status": "unavailable"
            },
            "network": "visa",
            "network_token": {
                "used": false
            },
            "overcapture": {
                "maximum_amount_capturable": 1100,
                "status": "unavailable"
            },
            "three_d_secure": null,
            "wallet": {
                "dynamic_last4": null,
                "link": [],
                "type": "link"
            }
        },
        "type": "card"
    },
    "radar_options": [],
    "receipt_email": null,
    "receipt_number": null,
    "receipt_url": "https:\/\/pay.stripe.com\/receipts\/invoices\/CAcaFwoVYWNjdF8xT2VEc1BJWGJlS08xdXhqKPCg-7IGMgaZHNofcaQ6LBZwywb9rRQ6zvgEYzwHSP1-9C_9eDl9aZOun3SncKF3-04xS-hWXxS3X4HO?s=ap",
    "refunded": true,
    "review": null,
    "shipping": null,
    "source": null,
    "source_transfer": null,
    "statement_descriptor": null,
    "statement_descriptor_suffix": null,
    "status": "succeeded",
    "transfer_data": null,
    "transfer_group": null
}
refund_webhook.log: Stripe\Charge JSON: {
    "id": "ch_3PNsm4IXbeKO1uxj2PuIJEpB",
    "object": "charge",
    "amount": 1100,
    "amount_captured": 1100,
    "amount_refunded": 1100,
    "application": null,
    "application_fee": null,
    "application_fee_amount": null,
    "balance_transaction": "txn_3PNsm4IXbeKO1uxj24HOOAuh",
    "billing_details": {
        "address": {
            "city": null,
            "country": "VN",
            "line1": null,
            "line2": null,
            "postal_code": null,
            "state": null
        },
        "email": "voanlaptrinh@gmail.com",
        "name": "LE DUY KHANH",
        "phone": null
    },
    "calculated_statement_descriptor": "Stripe",
    "captured": true,
    "created": 1717489881,
    "currency": "usd",
    "customer": "cus_QELST024TNzzG7",
    "description": "Subscription creation",
    "destination": null,
    "dispute": null,
    "disputed": false,
    "failure_balance_transaction": null,
    "failure_code": null,
    "failure_message": null,
    "fraud_details": [],
    "invoice": "in_1PNsm4IXbeKO1uxjNwu7CK8c",
    "livemode": false,
    "metadata": [],
    "on_behalf_of": null,
    "order": null,
    "outcome": {
        "network_status": "approved_by_network",
        "reason": null,
        "risk_level": "normal",
        "risk_score": 3,
        "seller_message": "Payment complete.",
        "type": "authorized"
    },
    "paid": true,
    "payment_intent": "pi_3PNsm4IXbeKO1uxj2EeE1WkM",
    "payment_method": "pm_1PNsm3IXbeKO1uxjEtTm4R2J",
    "payment_method_details": {
        "card": {
            "amount_authorized": 1100,
            "brand": "visa",
            "checks": {
                "address_line1_check": null,
                "address_postal_code_check": null,
                "cvc_check": null
            },
            "country": "US",
            "exp_month": 4,
            "exp_year": 2044,
            "extended_authorization": {
                "status": "disabled"
            },
            "fingerprint": "HtlObYj6gfuyZtmO",
            "funding": "credit",
            "incremental_authorization": {
                "status": "unavailable"
            },
            "installments": null,
            "last4": "4242",
            "mandate": null,
            "multicapture": {
                "status": "unavailable"
            },
            "network": "visa",
            "network_token": {
                "used": false
            },
            "overcapture": {
                "maximum_amount_capturable": 1100,
                "status": "unavailable"
            },
            "three_d_secure": null,
            "wallet": {
                "dynamic_last4": null,
                "link": [],
                "type": "link"
            }
        },
        "type": "card"
    },
    "radar_options": [],
    "receipt_email": null,
    "receipt_number": null,
    "receipt_url": "https:\/\/pay.stripe.com\/receipts\/invoices\/CAcaFwoVYWNjdF8xT2VEc1BJWGJlS08xdXhqKJyl-7IGMgb0oym3u3s6LBb8ixDdPCWsbg9D292dTR-Bef0UupMXNt8bixTJuNvXDF6vP_1DqH7CCFbA?s=ap",
    "refunded": true,
    "review": null,
    "shipping": null,
    "source": null,
    "source_transfer": null,
    "statement_descriptor": null,
    "statement_descriptor_suffix": null,
    "status": "succeeded",
    "transfer_data": null,
    "transfer_group": null
}
refund_webhook.log: Stripe\Charge JSON: {
    "id": "ch_3PNswnIXbeKO1uxj1Xc9Au4C",
    "object": "charge",
    "amount": 1100,
    "amount_captured": 1100,
    "amount_refunded": 1100,
    "application": null,
    "application_fee": null,
    "application_fee_amount": null,
    "balance_transaction": "txn_3PNswnIXbeKO1uxj1NyyQ9sN",
    "billing_details": {
        "address": {
            "city": null,
            "country": "VN",
            "line1": null,
            "line2": null,
            "postal_code": null,
            "state": null
        },
        "email": "voanlaptrinh@gmail.com",
        "name": "LE DUY KHANH",
        "phone": null
    },
    "calculated_statement_descriptor": "Stripe",
    "captured": true,
    "created": 1717490546,
    "currency": "usd",
    "customer": "cus_QELeEGg2gHNfEw",
    "description": "Subscription creation",
    "destination": null,
    "dispute": null,
    "disputed": false,
    "failure_balance_transaction": null,
    "failure_code": null,
    "failure_message": null,
    "fraud_details": [],
    "invoice": "in_1PNswnIXbeKO1uxjiGh6X1hR",
    "livemode": false,
    "metadata": [],
    "on_behalf_of": null,
    "order": null,
    "outcome": {
        "network_status": "approved_by_network",
        "reason": null,
        "risk_level": "normal",
        "risk_score": 18,
        "seller_message": "Payment complete.",
        "type": "authorized"
    },
    "paid": true,
    "payment_intent": "pi_3PNswnIXbeKO1uxj1cKu9oqm",
    "payment_method": "pm_1PNswmIXbeKO1uxjdjXTVBsz",
    "payment_method_details": {
        "card": {
            "amount_authorized": 1100,
            "brand": "visa",
            "checks": {
                "address_line1_check": null,
                "address_postal_code_check": null,
                "cvc_check": null
            },
            "country": "US",
            "exp_month": 4,
            "exp_year": 2044,
            "extended_authorization": {
                "status": "disabled"
            },
            "fingerprint": "HtlObYj6gfuyZtmO",
            "funding": "credit",
            "incremental_authorization": {
                "status": "unavailable"
            },
            "installments": null,
            "last4": "4242",
            "mandate": null,
            "multicapture": {
                "status": "unavailable"
            },
            "network": "visa",
            "network_token": {
                "used": false
            },
            "overcapture": {
                "maximum_amount_capturable": 1100,
                "status": "unavailable"
            },
            "three_d_secure": null,
            "wallet": {
                "dynamic_last4": null,
                "link": [],
                "type": "link"
            }
        },
        "type": "card"
    },
    "radar_options": [],
    "receipt_email": null,
    "receipt_number": null,
    "receipt_url": "https:\/\/pay.stripe.com\/receipts\/invoices\/CAcaFwoVYWNjdF8xT2VEc1BJWGJlS08xdXhqKJ2n-7IGMgbHl9w3vJ86LBZfMY6GuFjxKwTUMgUKLT-AN1ZTxskXbBJBXlj5gL34ZmlbyXXsWlIi-tTX?s=ap",
    "refunded": true,
    "review": null,
    "shipping": null,
    "source": null,
    "source_transfer": null,
    "statement_descriptor": null,
    "statement_descriptor_suffix": null,
    "status": "succeeded",
    "transfer_data": null,
    "transfer_group": null
}
