charge.succeeded
payment_method.attached
customer.created
customer.updated
customer.subscription.created
customer.subscription.updated
payment_intent.succeeded
payment_intent.created
invoice.created
invoice.finalized
invoice.updated
invoice.paid
invoice.payment_succeeded
checkout.session.completed
charge.succeeded
payment_method.attached
customer.created
customer.updated
customer.subscription.created
customer.subscription.updated
payment_intent.succeeded
payment_intent.created
invoice.created
invoice.finalized
invoice.updated
invoice.paid
invoice.payment_succeeded
checkout.session.completed
charge.succeeded
customer.subscription.updated
payment_intent.succeeded
payment_intent.created
invoice.created
invoice.finalized
invoice.paid
invoice.payment_succeeded
invoiceitem.created
charge.succeeded
payment_method.attached
customer.created
customer.updated
customer.subscription.created
customer.subscription.updated
payment_intent.succeeded
payment_intent.created
invoice.created
invoice.finalized
invoice.updated
invoice.paid
invoice.payment_succeeded
checkout.session.completed
charge.succeeded
payment_method.attached
customer.created
customer.updated
customer.subscription.created
customer.subscription.updated
payment_intent.succeeded
payment_intent.created
invoice.created
invoice.finalized
invoice.updated
invoice.paid
invoice.payment_succeeded
checkout.session.completed
charge.succeeded
payment_method.attached
customer.created
customer.updated
customer.subscription.created
customer.subscription.updated
payment_intent.succeeded
payment_intent.created
invoice.created
invoice.finalized
invoice.updated
invoice.paid
invoice.payment_succeeded
checkout.session.completed
charge.succeeded
customer.subscription.updated
payment_intent.succeeded
payment_intent.created
invoice.created
invoice.finalized
invoice.paid
invoice.payment_succeeded
invoiceitem.created
charge.succeeded
payment_method.attached
customer.created
customer.updated
customer.subscription.created
customer.subscription.updated
payment_intent.succeeded
payment_intent.created
invoice.created
invoice.finalized
invoice.updated
invoice.paid
invoice.payment_succeeded
checkout.session.completed
charge.succeeded
customer.subscription.updated
payment_intent.succeeded
payment_intent.created
invoice.created
invoice.finalized
invoice.paid
invoice.payment_succeeded
invoiceitem.created
charge.succeeded
payment_method.attached
customer.created
customer.updated
customer.subscription.created
customer.subscription.updated
payment_intent.succeeded
payment_intent.created
invoice.created
invoice.finalized
invoice.updated
invoice.paid
invoice.payment_succeeded
checkout.session.completed
charge.succeeded
customer.subscription.updated
payment_intent.succeeded
payment_intent.created
invoice.created
invoice.finalized
invoice.paid
invoice.payment_succeeded
invoiceitem.created
payment_method.attached
customer.source.created
customer.updated
customer.updated
charge.succeeded
customer.subscription.updated
payment_intent.succeeded
payment_intent.created
invoice.created
invoice.finalized
invoice.paid
invoice.payment_succeeded
invoiceitem.created
charge.succeeded
payment_method.attached
customer.created
customer.updated
customer.subscription.created
customer.subscription.updated
payment_intent.succeeded
payment_intent.created
invoice.created
invoice.finalized
invoice.updated
invoice.paid
invoice.payment_succeeded
checkout.session.completed
charge.succeeded
customer.subscription.updated
payment_intent.succeeded
payment_intent.created
invoice.created
invoice.finalized
invoice.paid
invoice.payment_succeeded
invoiceitem.created
charge.succeeded
payment_method.attached
customer.created
customer.updated
customer.subscription.created
customer.subscription.updated
payment_intent.succeeded
payment_intent.created
invoice.created
invoice.finalized
invoice.updated
invoice.paid
invoice.payment_succeeded
checkout.session.completed
payment_method.attached
customer.source.created
customer.updated
customer.updated
customer.subscription.updated
setup_intent.created
setup_intent.succeeded
charge.failed
customer.subscription.updated
payment_intent.created
payment_intent.payment_failed
invoice.created
invoice.finalized
invoiceitem.created
invoice.payment_failed
invoice.updated
customer.updated
invoice.updated
test_helpers.test_clock.created
charge.failed
payment_intent.payment_failed
invoice.updated
customer.updated
invoice.payment_failed
invoice.updated
charge.failed
payment_intent.payment_failed
invoice.updated
invoice.payment_failed
invoice.updated
charge.failed
payment_intent.payment_failed
invoice.updated
invoice.payment_failed
invoice.updated
charge.failed
payment_intent.payment_failed
invoice.updated
invoice.updated
invoice.payment_failed
invoice.updated
customer.subscription.deleted
test_helpers.test_clock.ready
test_helpers.test_clock.advancing
test_helpers.test_clock.ready
customer.subscription.deleted
customer.subscription.deleted
charge.succeeded
payment_method.attached
customer.created
customer.updated
customer.subscription.created
customer.subscription.updated
payment_intent.succeeded
payment_intent.created
invoice.created
invoice.finalized
invoice.updated
invoice.paid
invoice.payment_succeeded
checkout.session.completed
payment_method.attached
customer.source.created
customer.updated
customer.updated
customer.subscription.updated
setup_intent.created
setup_intent.succeeded
charge.failed
customer.subscription.updated
payment_intent.created
payment_intent.payment_failed
invoice.created
invoice.finalized
invoiceitem.created
customer.updated
test_helpers.test_clock.created
invoice.updated
invoice.upcoming
invoice.created
customer.subscription.updated
charge.failed
payment_intent.payment_failed
customer.updated
payment_intent.created
invoice.updated
invoice.finalized
invoice.payment_failed
invoice.updated
charge.failed
payment_intent.payment_failed
invoice.updated
invoice.payment_failed
invoice.updated
charge.failed
payment_intent.payment_failed
invoice.updated
invoice.payment_failed
invoice.updated
charge.failed
payment_intent.payment_failed
invoice.updated
invoice.payment_failed
invoice.updated
charge.failed
payment_intent.payment_failed
invoice.updated
invoice.payment_failed
invoice.updated
invoice.updated
customer.subscription.deleted
test_helpers.test_clock.ready
invoice.updated
customer.subscription.deleted
customer.subscription.deleted
customer.subscription.deleted
charge.succeeded
payment_method.attached
customer.created
customer.updated
customer.subscription.created
customer.subscription.updated
payment_intent.succeeded
payment_intent.created
invoice.created
invoice.finalized
invoice.updated
invoice.paid
invoice.payment_succeeded
checkout.session.completed
customer.subscription.deleted
