Stripe\InvoiceItem JSON: {
    "id": "ii_1Pcgd6IXbeKO1uxjw59BzVbw",
    "object": "invoiceitem",
    "amount": -699,
    "currency": "usd",
    "customer": "cus_QTdqgzhxZYHsEQ",
    "date": 1721018116,
    "description": "Unused time on 1 Month after 15 Jul 2024",
    "discountable": false,
    "discounts": [],
    "invoice": "in_1Pcgd6IXbeKO1uxjX940z1KA",
    "livemode": false,
    "metadata": [],
    "period": {
        "end": 1723696274,
        "start": 1721018116
    },
    "plan": {
        "id": "price_1PV2QfIXbeKO1uxjVvaZPb8p",
        "object": "plan",
        "active": true,
        "aggregate_usage": null,
        "amount": 699,
        "amount_decimal": "699",
        "billing_scheme": "per_unit",
        "created": 1719195289,
        "currency": "usd",
        "interval": "month",
        "interval_count": 1,
        "livemode": false,
        "metadata": [],
        "meter": null,
        "nickname": null,
        "product": "prod_QLjuCbVrKcc3Xm",
        "tiers_mode": null,
        "transform_usage": null,
        "trial_period_days": null,
        "usage_type": "licensed"
    },
    "price": {
        "id": "price_1PV2QfIXbeKO1uxjVvaZPb8p",
        "object": "price",
        "active": true,
        "billing_scheme": "per_unit",
        "created": 1719195289,
        "currency": "usd",
        "custom_unit_amount": null,
        "livemode": false,
        "lookup_key": null,
        "metadata": [],
        "nickname": null,
        "product": "prod_QLjuCbVrKcc3Xm",
        "recurring": {
            "aggregate_usage": null,
            "interval": "month",
            "interval_count": 1,
            "meter": null,
            "trial_period_days": null,
            "usage_type": "licensed"
        },
        "tax_behavior": "unspecified",
        "tiers_mode": null,
        "transform_quantity": null,
        "type": "recurring",
        "unit_amount": 699,
        "unit_amount_decimal": "699"
    },
    "proration": true,
    "quantity": 1,
    "subscription": "sub_1PcgZCIXbeKO1uxjUPUajeCt",
    "subscription_item": "si_QTdqwi37UScD3x",
    "tax_rates": [],
    "test_clock": null,
    "unit_amount": -699,
    "unit_amount_decimal": "-699"
}
Stripe\InvoiceItem JSON: {
    "id": "ii_1PcgjJIXbeKO1uxjh4F8exEt",
    "object": "invoiceitem",
    "amount": -2934,
    "currency": "usd",
    "customer": "cus_QTdqgzhxZYHsEQ",
    "date": 1721018501,
    "description": "Unused time on 6 Month after 15 Jul 2024",
    "discountable": false,
    "discounts": [],
    "invoice": "in_1PcgjJIXbeKO1uxjXjgVIL8d",
    "livemode": false,
    "metadata": [],
    "period": {
        "end": 1736915716,
        "start": 1721018501
    },
    "plan": {
        "id": "price_1PV2VjIXbeKO1uxjHlOtM0oL",
        "object": "plan",
        "active": true,
        "aggregate_usage": null,
        "amount": 2934,
        "amount_decimal": "2934",
        "billing_scheme": "per_unit",
        "created": 1719195603,
        "currency": "usd",
        "interval": "month",
        "interval_count": 6,
        "livemode": false,
        "metadata": [],
        "meter": null,
        "nickname": null,
        "product": "prod_QLjzS9purDronp",
        "tiers_mode": null,
        "transform_usage": null,
        "trial_period_days": null,
        "usage_type": "licensed"
    },
    "price": {
        "id": "price_1PV2VjIXbeKO1uxjHlOtM0oL",
        "object": "price",
        "active": true,
        "billing_scheme": "per_unit",
        "created": 1719195603,
        "currency": "usd",
        "custom_unit_amount": null,
        "livemode": false,
        "lookup_key": null,
        "metadata": [],
        "nickname": null,
        "product": "prod_QLjzS9purDronp",
        "recurring": {
            "aggregate_usage": null,
            "interval": "month",
            "interval_count": 6,
            "meter": null,
            "trial_period_days": null,
            "usage_type": "licensed"
        },
        "tax_behavior": "unspecified",
        "tiers_mode": null,
        "transform_quantity": null,
        "type": "recurring",
        "unit_amount": 2934,
        "unit_amount_decimal": "2934"
    },
    "proration": true,
    "quantity": 1,
    "subscription": "sub_1PcgZCIXbeKO1uxjUPUajeCt",
    "subscription_item": "si_QTdqwi37UScD3x",
    "tax_rates": [],
    "test_clock": null,
    "unit_amount": -2934,
    "unit_amount_decimal": "-2934"
}
Stripe\InvoiceItem JSON: {
    "id": "ii_1PcgoBIXbeKO1uxjDmDQvWMO",
    "object": "invoiceitem",
    "amount": -699,
    "currency": "usd",
    "customer": "cus_QTe5j58ViGyh6x",
    "date": 1721018803,
    "description": "Unused time on 1 Month after 15 Jul 2024",
    "discountable": false,
    "discounts": [],
    "invoice": "in_1PcgoBIXbeKO1uxj36cxCUTZ",
    "livemode": false,
    "metadata": [],
    "period": {
        "end": 1723697154,
        "start": 1721018803
    },
    "plan": {
        "id": "price_1PV2QfIXbeKO1uxjVvaZPb8p",
        "object": "plan",
        "active": true,
        "aggregate_usage": null,
        "amount": 699,
        "amount_decimal": "699",
        "billing_scheme": "per_unit",
        "created": 1719195289,
        "currency": "usd",
        "interval": "month",
        "interval_count": 1,
        "livemode": false,
        "metadata": [],
        "meter": null,
        "nickname": null,
        "product": "prod_QLjuCbVrKcc3Xm",
        "tiers_mode": null,
        "transform_usage": null,
        "trial_period_days": null,
        "usage_type": "licensed"
    },
    "price": {
        "id": "price_1PV2QfIXbeKO1uxjVvaZPb8p",
        "object": "price",
        "active": true,
        "billing_scheme": "per_unit",
        "created": 1719195289,
        "currency": "usd",
        "custom_unit_amount": null,
        "livemode": false,
        "lookup_key": null,
        "metadata": [],
        "nickname": null,
        "product": "prod_QLjuCbVrKcc3Xm",
        "recurring": {
            "aggregate_usage": null,
            "interval": "month",
            "interval_count": 1,
            "meter": null,
            "trial_period_days": null,
            "usage_type": "licensed"
        },
        "tax_behavior": "unspecified",
        "tiers_mode": null,
        "transform_quantity": null,
        "type": "recurring",
        "unit_amount": 699,
        "unit_amount_decimal": "699"
    },
    "proration": true,
    "quantity": 1,
    "subscription": "sub_1PcgnOIXbeKO1uxjaZwjYrfD",
    "subscription_item": "si_QTe50H7R4KXlbc",
    "tax_rates": [],
    "test_clock": null,
    "unit_amount": -699,
    "unit_amount_decimal": "-699"
}
Stripe\InvoiceItem JSON: {
    "id": "ii_1Pcgu9IXbeKO1uxjexloEj8v",
    "object": "invoiceitem",
    "amount": -699,
    "currency": "usd",
    "customer": "cus_QTeBYjIP7xjZJA",
    "date": 1721019173,
    "description": "Unused time on 1 Month after 15 Jul 2024",
    "discountable": false,
    "discounts": [],
    "invoice": "in_1Pcgu9IXbeKO1uxjIfgDRItU",
    "livemode": false,
    "metadata": [],
    "period": {
        "end": 1723697511,
        "start": 1721019173
    },
    "plan": {
        "id": "price_1PV2QfIXbeKO1uxjVvaZPb8p",
        "object": "plan",
        "active": true,
        "aggregate_usage": null,
        "amount": 699,
        "amount_decimal": "699",
        "billing_scheme": "per_unit",
        "created": 1719195289,
        "currency": "usd",
        "interval": "month",
        "interval_count": 1,
        "livemode": false,
        "metadata": [],
        "meter": null,
        "nickname": null,
        "product": "prod_QLjuCbVrKcc3Xm",
        "tiers_mode": null,
        "transform_usage": null,
        "trial_period_days": null,
        "usage_type": "licensed"
    },
    "price": {
        "id": "price_1PV2QfIXbeKO1uxjVvaZPb8p",
        "object": "price",
        "active": true,
        "billing_scheme": "per_unit",
        "created": 1719195289,
        "currency": "usd",
        "custom_unit_amount": null,
        "livemode": false,
        "lookup_key": null,
        "metadata": [],
        "nickname": null,
        "product": "prod_QLjuCbVrKcc3Xm",
        "recurring": {
            "aggregate_usage": null,
            "interval": "month",
            "interval_count": 1,
            "meter": null,
            "trial_period_days": null,
            "usage_type": "licensed"
        },
        "tax_behavior": "unspecified",
        "tiers_mode": null,
        "transform_quantity": null,
        "type": "recurring",
        "unit_amount": 699,
        "unit_amount_decimal": "699"
    },
    "proration": true,
    "quantity": 1,
    "subscription": "sub_1Pcgt9IXbeKO1uxjjIm4zHax",
    "subscription_item": "si_QTeBOy4JrnM9ua",
    "tax_rates": [],
    "test_clock": null,
    "unit_amount": -699,
    "unit_amount_decimal": "-699"
}
Stripe\InvoiceItem JSON: {
    "id": "ii_1Pci2rIXbeKO1uxjDTQnH9D8",
    "object": "invoiceitem",
    "amount": -699,
    "currency": "usd",
    "customer": "cus_QTfMSGTun4nHKx",
    "date": 1721023557,
    "description": "Unused time on 1 Month after 15 Jul 2024",
    "discountable": false,
    "discounts": [],
    "invoice": "in_1Pci2rIXbeKO1uxjuGGocYUd",
    "livemode": false,
    "metadata": [],
    "period": {
        "end": 1723701873,
        "start": 1721023557
    },
    "plan": {
        "id": "price_1PV2QfIXbeKO1uxjVvaZPb8p",
        "object": "plan",
        "active": true,
        "aggregate_usage": null,
        "amount": 699,
        "amount_decimal": "699",
        "billing_scheme": "per_unit",
        "created": 1719195289,
        "currency": "usd",
        "interval": "month",
        "interval_count": 1,
        "livemode": false,
        "metadata": [],
        "meter": null,
        "nickname": null,
        "product": "prod_QLjuCbVrKcc3Xm",
        "tiers_mode": null,
        "transform_usage": null,
        "trial_period_days": null,
        "usage_type": "licensed"
    },
    "price": {
        "id": "price_1PV2QfIXbeKO1uxjVvaZPb8p",
        "object": "price",
        "active": true,
        "billing_scheme": "per_unit",
        "created": 1719195289,
        "currency": "usd",
        "custom_unit_amount": null,
        "livemode": false,
        "lookup_key": null,
        "metadata": [],
        "nickname": null,
        "product": "prod_QLjuCbVrKcc3Xm",
        "recurring": {
            "aggregate_usage": null,
            "interval": "month",
            "interval_count": 1,
            "meter": null,
            "trial_period_days": null,
            "usage_type": "licensed"
        },
        "tax_behavior": "unspecified",
        "tiers_mode": null,
        "transform_quantity": null,
        "type": "recurring",
        "unit_amount": 699,
        "unit_amount_decimal": "699"
    },
    "proration": true,
    "quantity": 1,
    "subscription": "sub_1Pci1VIXbeKO1uxj8YdhvrNN",
    "subscription_item": "si_QTfM0YDKKowxUM",
    "tax_rates": [],
    "test_clock": null,
    "unit_amount": -699,
    "unit_amount_decimal": "-699"
}
Stripe\InvoiceItem JSON: {
    "id": "ii_1Pci5IIXbeKO1uxjgGAeECAi",
    "object": "invoiceitem",
    "amount": -699,
    "currency": "usd",
    "customer": "cus_QTfPPo2LU9FsEl",
    "date": 1721023708,
    "description": "Unused time on 1 Month after 15 Jul 2024",
    "discountable": false,
    "discounts": [],
    "invoice": "in_1Pci5IIXbeKO1uxjoR1vvYQn",
    "livemode": false,
    "metadata": [],
    "period": {
        "end": 1723702066,
        "start": 1721023708
    },
    "plan": {
        "id": "price_1PV2QfIXbeKO1uxjVvaZPb8p",
        "object": "plan",
        "active": true,
        "aggregate_usage": null,
        "amount": 699,
        "amount_decimal": "699",
        "billing_scheme": "per_unit",
        "created": 1719195289,
        "currency": "usd",
        "interval": "month",
        "interval_count": 1,
        "livemode": false,
        "metadata": [],
        "meter": null,
        "nickname": null,
        "product": "prod_QLjuCbVrKcc3Xm",
        "tiers_mode": null,
        "transform_usage": null,
        "trial_period_days": null,
        "usage_type": "licensed"
    },
    "price": {
        "id": "price_1PV2QfIXbeKO1uxjVvaZPb8p",
        "object": "price",
        "active": true,
        "billing_scheme": "per_unit",
        "created": 1719195289,
        "currency": "usd",
        "custom_unit_amount": null,
        "livemode": false,
        "lookup_key": null,
        "metadata": [],
        "nickname": null,
        "product": "prod_QLjuCbVrKcc3Xm",
        "recurring": {
            "aggregate_usage": null,
            "interval": "month",
            "interval_count": 1,
            "meter": null,
            "trial_period_days": null,
            "usage_type": "licensed"
        },
        "tax_behavior": "unspecified",
        "tiers_mode": null,
        "transform_quantity": null,
        "type": "recurring",
        "unit_amount": 699,
        "unit_amount_decimal": "699"
    },
    "proration": true,
    "quantity": 1,
    "subscription": "sub_1Pci4dIXbeKO1uxjTwTR6D3C",
    "subscription_item": "si_QTfPvj0dfVv9Zu",
    "tax_rates": [],
    "test_clock": null,
    "unit_amount": -699,
    "unit_amount_decimal": "-699"
}
