$response->access_token: A21AALFp8xXiUpvwoxHUl7jwD3gGPlF3gzKHDQ58FX6B3gkhcYI3fd9AGk2kM5NS0mxI5sspEmMvKzav_uV1JR-Y1S2NL9KQg
$response->access_token: A21AALFp8xXiUpvwoxHUl7jwD3gGPlF3gzKHDQ58FX6B3gkhcYI3fd9AGk2kM5NS0mxI5sspEmMvKzav_uV1JR-Y1S2NL9KQg
$response->access_token: A21AAIfItUXmcdBfJPT7sXRy41pxFNZCJTOfmePO9-g3Dq0TxPjoqnVU-jV_CBRw8KhcvQ4IYUB0cK6P6QcnWaGPp6aoBrBvQ
$response->access_token: A21AAIfItUXmcdBfJPT7sXRy41pxFNZCJTOfmePO9-g3Dq0TxPjoqnVU-jV_CBRw8KhcvQ4IYUB0cK6P6QcnWaGPp6aoBrBvQ
$response->access_token: A21AAIfItUXmcdBfJPT7sXRy41pxFNZCJTOfmePO9-g3Dq0TxPjoqnVU-jV_CBRw8KhcvQ4IYUB0cK6P6QcnWaGPp6aoBrBvQ
$response->access_token: A21AAIfItUXmcdBfJPT7sXRy41pxFNZCJTOfmePO9-g3Dq0TxPjoqnVU-jV_CBRw8KhcvQ4IYUB0cK6P6QcnWaGPp6aoBrBvQ
$response->access_token: A21AAIfItUXmcdBfJPT7sXRy41pxFNZCJTOfmePO9-g3Dq0TxPjoqnVU-jV_CBRw8KhcvQ4IYUB0cK6P6QcnWaGPp6aoBrBvQ
$response->access_token: A21AAIfItUXmcdBfJPT7sXRy41pxFNZCJTOfmePO9-g3Dq0TxPjoqnVU-jV_CBRw8KhcvQ4IYUB0cK6P6QcnWaGPp6aoBrBvQ
$response->access_token: A21AAIfItUXmcdBfJPT7sXRy41pxFNZCJTOfmePO9-g3Dq0TxPjoqnVU-jV_CBRw8KhcvQ4IYUB0cK6P6QcnWaGPp6aoBrBvQ
$response->access_token: A21AAIfItUXmcdBfJPT7sXRy41pxFNZCJTOfmePO9-g3Dq0TxPjoqnVU-jV_CBRw8KhcvQ4IYUB0cK6P6QcnWaGPp6aoBrBvQ
$response->access_token: A21AAIfItUXmcdBfJPT7sXRy41pxFNZCJTOfmePO9-g3Dq0TxPjoqnVU-jV_CBRw8KhcvQ4IYUB0cK6P6QcnWaGPp6aoBrBvQ
$response->access_token: A21AAJ3-xGNrcQ8m5O_FvaiM5AUng-NeTrk2M_RUiZTtbse7v3IIEnKdHcj5SgBvuzHhkEfO9mpWnGSAXKSw2wFU8V8kCwakA
$response->access_token: A21AAJ3-xGNrcQ8m5O_FvaiM5AUng-NeTrk2M_RUiZTtbse7v3IIEnKdHcj5SgBvuzHhkEfO9mpWnGSAXKSw2wFU8V8kCwakA
$response->access_token: A21AAJ3-xGNrcQ8m5O_FvaiM5AUng-NeTrk2M_RUiZTtbse7v3IIEnKdHcj5SgBvuzHhkEfO9mpWnGSAXKSw2wFU8V8kCwakA
$response->access_token: A21AAJ3-xGNrcQ8m5O_FvaiM5AUng-NeTrk2M_RUiZTtbse7v3IIEnKdHcj5SgBvuzHhkEfO9mpWnGSAXKSw2wFU8V8kCwakA
$response->access_token: A21AAJ3-xGNrcQ8m5O_FvaiM5AUng-NeTrk2M_RUiZTtbse7v3IIEnKdHcj5SgBvuzHhkEfO9mpWnGSAXKSw2wFU8V8kCwakA
$response->access_token: A21AAJ3-xGNrcQ8m5O_FvaiM5AUng-NeTrk2M_RUiZTtbse7v3IIEnKdHcj5SgBvuzHhkEfO9mpWnGSAXKSw2wFU8V8kCwakA
$response->access_token: A21AAJ3-xGNrcQ8m5O_FvaiM5AUng-NeTrk2M_RUiZTtbse7v3IIEnKdHcj5SgBvuzHhkEfO9mpWnGSAXKSw2wFU8V8kCwakA
$response->access_token: A21AAKSNp0RlwBQwwui2YEtMc-VCBvKXTYU7i52uEpOdE8pyVBl9yrxonfJoH-TH_eIJqNFt7odmwBCPU1Fx1D5ZL3PNIBA5A
$response->access_token: A21AALWtw8LuDpJLEagWMZYOkw-UvqhH04xon8StqC9Z4x431R-eZd7nRdS8Q7zh9LnsDRbZU1sJJOF0N-3xWrtVrzJSKatXw
$response->access_token: A21AALWtw8LuDpJLEagWMZYOkw-UvqhH04xon8StqC9Z4x431R-eZd7nRdS8Q7zh9LnsDRbZU1sJJOF0N-3xWrtVrzJSKatXw
$response->access_token: A21AALWtw8LuDpJLEagWMZYOkw-UvqhH04xon8StqC9Z4x431R-eZd7nRdS8Q7zh9LnsDRbZU1sJJOF0N-3xWrtVrzJSKatXw
$response->access_token: A21AAJ3YUzvmiWcJnqXvQ9o1fPXHsTs_jDirNGpqN5m22Bj7-bTuWOuLsr5mKVC6PYOZeF__wPoWlZLvI9DMfX0mvkV6wR5tw
$response->access_token: A21AAJ3YUzvmiWcJnqXvQ9o1fPXHsTs_jDirNGpqN5m22Bj7-bTuWOuLsr5mKVC6PYOZeF__wPoWlZLvI9DMfX0mvkV6wR5tw
$response->access_token: A21AAJ3YUzvmiWcJnqXvQ9o1fPXHsTs_jDirNGpqN5m22Bj7-bTuWOuLsr5mKVC6PYOZeF__wPoWlZLvI9DMfX0mvkV6wR5tw
$response->access_token: A21AAJ3YUzvmiWcJnqXvQ9o1fPXHsTs_jDirNGpqN5m22Bj7-bTuWOuLsr5mKVC6PYOZeF__wPoWlZLvI9DMfX0mvkV6wR5tw
$response->access_token: A21AAJ3YUzvmiWcJnqXvQ9o1fPXHsTs_jDirNGpqN5m22Bj7-bTuWOuLsr5mKVC6PYOZeF__wPoWlZLvI9DMfX0mvkV6wR5tw
$response->access_token: A21AAJ3YUzvmiWcJnqXvQ9o1fPXHsTs_jDirNGpqN5m22Bj7-bTuWOuLsr5mKVC6PYOZeF__wPoWlZLvI9DMfX0mvkV6wR5tw
$response->access_token: A21AAJ3YUzvmiWcJnqXvQ9o1fPXHsTs_jDirNGpqN5m22Bj7-bTuWOuLsr5mKVC6PYOZeF__wPoWlZLvI9DMfX0mvkV6wR5tw
$response->access_token: A21AAJ3YUzvmiWcJnqXvQ9o1fPXHsTs_jDirNGpqN5m22Bj7-bTuWOuLsr5mKVC6PYOZeF__wPoWlZLvI9DMfX0mvkV6wR5tw
$response->access_token: A21AAJ3YUzvmiWcJnqXvQ9o1fPXHsTs_jDirNGpqN5m22Bj7-bTuWOuLsr5mKVC6PYOZeF__wPoWlZLvI9DMfX0mvkV6wR5tw
$response->access_token: A21AAJ3YUzvmiWcJnqXvQ9o1fPXHsTs_jDirNGpqN5m22Bj7-bTuWOuLsr5mKVC6PYOZeF__wPoWlZLvI9DMfX0mvkV6wR5tw
$response->access_token: A21AAJ3YUzvmiWcJnqXvQ9o1fPXHsTs_jDirNGpqN5m22Bj7-bTuWOuLsr5mKVC6PYOZeF__wPoWlZLvI9DMfX0mvkV6wR5tw
$response->access_token: A21AAJ3YUzvmiWcJnqXvQ9o1fPXHsTs_jDirNGpqN5m22Bj7-bTuWOuLsr5mKVC6PYOZeF__wPoWlZLvI9DMfX0mvkV6wR5tw
$response->access_token: A21AAJ3YUzvmiWcJnqXvQ9o1fPXHsTs_jDirNGpqN5m22Bj7-bTuWOuLsr5mKVC6PYOZeF__wPoWlZLvI9DMfX0mvkV6wR5tw
$response->access_token: A21AALXsNg2l-ibG_MUG4faP-BRFLLdAUmS8yhkRDFOrTuuiytxmfv_DjQbI6ThCFPPEokQFX7OYupRcNa6LPmmljpy2EAnYQ
$response->access_token: A21AALXsNg2l-ibG_MUG4faP-BRFLLdAUmS8yhkRDFOrTuuiytxmfv_DjQbI6ThCFPPEokQFX7OYupRcNa6LPmmljpy2EAnYQ
$response->access_token: A21AALXsNg2l-ibG_MUG4faP-BRFLLdAUmS8yhkRDFOrTuuiytxmfv_DjQbI6ThCFPPEokQFX7OYupRcNa6LPmmljpy2EAnYQ
$response->access_token: A21AALXsNg2l-ibG_MUG4faP-BRFLLdAUmS8yhkRDFOrTuuiytxmfv_DjQbI6ThCFPPEokQFX7OYupRcNa6LPmmljpy2EAnYQ
$response->access_token: A21AALXsNg2l-ibG_MUG4faP-BRFLLdAUmS8yhkRDFOrTuuiytxmfv_DjQbI6ThCFPPEokQFX7OYupRcNa6LPmmljpy2EAnYQ
$response->access_token: A21AALXsNg2l-ibG_MUG4faP-BRFLLdAUmS8yhkRDFOrTuuiytxmfv_DjQbI6ThCFPPEokQFX7OYupRcNa6LPmmljpy2EAnYQ
$response->access_token: A21AALXsNg2l-ibG_MUG4faP-BRFLLdAUmS8yhkRDFOrTuuiytxmfv_DjQbI6ThCFPPEokQFX7OYupRcNa6LPmmljpy2EAnYQ
$response->access_token: A21AALXsNg2l-ibG_MUG4faP-BRFLLdAUmS8yhkRDFOrTuuiytxmfv_DjQbI6ThCFPPEokQFX7OYupRcNa6LPmmljpy2EAnYQ
$response->access_token: A21AALNIWuMqiGB7ekKGJKRwMeP-p9Ij5VhWO2AwTpFLfkFPMX9J5zTZeE0c68N43bzZWErL92qwe4f76mAupvf9qfkU_ZetA
$response->access_token: A21AALNIWuMqiGB7ekKGJKRwMeP-p9Ij5VhWO2AwTpFLfkFPMX9J5zTZeE0c68N43bzZWErL92qwe4f76mAupvf9qfkU_ZetA
$response->access_token: A21AALNIWuMqiGB7ekKGJKRwMeP-p9Ij5VhWO2AwTpFLfkFPMX9J5zTZeE0c68N43bzZWErL92qwe4f76mAupvf9qfkU_ZetA
$response->access_token: A21AALNIWuMqiGB7ekKGJKRwMeP-p9Ij5VhWO2AwTpFLfkFPMX9J5zTZeE0c68N43bzZWErL92qwe4f76mAupvf9qfkU_ZetA
$response->access_token: A21AALNIWuMqiGB7ekKGJKRwMeP-p9Ij5VhWO2AwTpFLfkFPMX9J5zTZeE0c68N43bzZWErL92qwe4f76mAupvf9qfkU_ZetA
$response->access_token: A21AALNIWuMqiGB7ekKGJKRwMeP-p9Ij5VhWO2AwTpFLfkFPMX9J5zTZeE0c68N43bzZWErL92qwe4f76mAupvf9qfkU_ZetA
$response->access_token: A21AALNIWuMqiGB7ekKGJKRwMeP-p9Ij5VhWO2AwTpFLfkFPMX9J5zTZeE0c68N43bzZWErL92qwe4f76mAupvf9qfkU_ZetA
$response->access_token: A21AALNIWuMqiGB7ekKGJKRwMeP-p9Ij5VhWO2AwTpFLfkFPMX9J5zTZeE0c68N43bzZWErL92qwe4f76mAupvf9qfkU_ZetA
$response->access_token: A21AALNIWuMqiGB7ekKGJKRwMeP-p9Ij5VhWO2AwTpFLfkFPMX9J5zTZeE0c68N43bzZWErL92qwe4f76mAupvf9qfkU_ZetA
$response->access_token: A21AALNIWuMqiGB7ekKGJKRwMeP-p9Ij5VhWO2AwTpFLfkFPMX9J5zTZeE0c68N43bzZWErL92qwe4f76mAupvf9qfkU_ZetA
$response->access_token: A21AALNIWuMqiGB7ekKGJKRwMeP-p9Ij5VhWO2AwTpFLfkFPMX9J5zTZeE0c68N43bzZWErL92qwe4f76mAupvf9qfkU_ZetA
$response->access_token: A21AALNIWuMqiGB7ekKGJKRwMeP-p9Ij5VhWO2AwTpFLfkFPMX9J5zTZeE0c68N43bzZWErL92qwe4f76mAupvf9qfkU_ZetA
$response->access_token: A21AALNIWuMqiGB7ekKGJKRwMeP-p9Ij5VhWO2AwTpFLfkFPMX9J5zTZeE0c68N43bzZWErL92qwe4f76mAupvf9qfkU_ZetA
$response->access_token: A21AALNIWuMqiGB7ekKGJKRwMeP-p9Ij5VhWO2AwTpFLfkFPMX9J5zTZeE0c68N43bzZWErL92qwe4f76mAupvf9qfkU_ZetA
$response->access_token: A21AALNIWuMqiGB7ekKGJKRwMeP-p9Ij5VhWO2AwTpFLfkFPMX9J5zTZeE0c68N43bzZWErL92qwe4f76mAupvf9qfkU_ZetA
$response->access_token: A21AALNIWuMqiGB7ekKGJKRwMeP-p9Ij5VhWO2AwTpFLfkFPMX9J5zTZeE0c68N43bzZWErL92qwe4f76mAupvf9qfkU_ZetA
$response->access_token: A21AALNIWuMqiGB7ekKGJKRwMeP-p9Ij5VhWO2AwTpFLfkFPMX9J5zTZeE0c68N43bzZWErL92qwe4f76mAupvf9qfkU_ZetA
$response->access_token: A21AALNIWuMqiGB7ekKGJKRwMeP-p9Ij5VhWO2AwTpFLfkFPMX9J5zTZeE0c68N43bzZWErL92qwe4f76mAupvf9qfkU_ZetA
$response->access_token: A21AALNIWuMqiGB7ekKGJKRwMeP-p9Ij5VhWO2AwTpFLfkFPMX9J5zTZeE0c68N43bzZWErL92qwe4f76mAupvf9qfkU_ZetA
$response->access_token: A21AALNIWuMqiGB7ekKGJKRwMeP-p9Ij5VhWO2AwTpFLfkFPMX9J5zTZeE0c68N43bzZWErL92qwe4f76mAupvf9qfkU_ZetA
$response->access_token: A21AALNIWuMqiGB7ekKGJKRwMeP-p9Ij5VhWO2AwTpFLfkFPMX9J5zTZeE0c68N43bzZWErL92qwe4f76mAupvf9qfkU_ZetA
$response->access_token: A21AALNIWuMqiGB7ekKGJKRwMeP-p9Ij5VhWO2AwTpFLfkFPMX9J5zTZeE0c68N43bzZWErL92qwe4f76mAupvf9qfkU_ZetA
$response->access_token: A21AALNIWuMqiGB7ekKGJKRwMeP-p9Ij5VhWO2AwTpFLfkFPMX9J5zTZeE0c68N43bzZWErL92qwe4f76mAupvf9qfkU_ZetA
$response->access_token: A21AALNIWuMqiGB7ekKGJKRwMeP-p9Ij5VhWO2AwTpFLfkFPMX9J5zTZeE0c68N43bzZWErL92qwe4f76mAupvf9qfkU_ZetA
$response->access_token: A21AALNIWuMqiGB7ekKGJKRwMeP-p9Ij5VhWO2AwTpFLfkFPMX9J5zTZeE0c68N43bzZWErL92qwe4f76mAupvf9qfkU_ZetA
$response->access_token: A21AALNIWuMqiGB7ekKGJKRwMeP-p9Ij5VhWO2AwTpFLfkFPMX9J5zTZeE0c68N43bzZWErL92qwe4f76mAupvf9qfkU_ZetA
$response->access_token: A21AALNIWuMqiGB7ekKGJKRwMeP-p9Ij5VhWO2AwTpFLfkFPMX9J5zTZeE0c68N43bzZWErL92qwe4f76mAupvf9qfkU_ZetA
$response->access_token: A21AALNIWuMqiGB7ekKGJKRwMeP-p9Ij5VhWO2AwTpFLfkFPMX9J5zTZeE0c68N43bzZWErL92qwe4f76mAupvf9qfkU_ZetA
$response->access_token: A21AALNIWuMqiGB7ekKGJKRwMeP-p9Ij5VhWO2AwTpFLfkFPMX9J5zTZeE0c68N43bzZWErL92qwe4f76mAupvf9qfkU_ZetA
$response->access_token: A21AALNIWuMqiGB7ekKGJKRwMeP-p9Ij5VhWO2AwTpFLfkFPMX9J5zTZeE0c68N43bzZWErL92qwe4f76mAupvf9qfkU_ZetA
$response->access_token: A21AALNIWuMqiGB7ekKGJKRwMeP-p9Ij5VhWO2AwTpFLfkFPMX9J5zTZeE0c68N43bzZWErL92qwe4f76mAupvf9qfkU_ZetA
$response->access_token: A21AALNIWuMqiGB7ekKGJKRwMeP-p9Ij5VhWO2AwTpFLfkFPMX9J5zTZeE0c68N43bzZWErL92qwe4f76mAupvf9qfkU_ZetA
$response->access_token: A21AALNIWuMqiGB7ekKGJKRwMeP-p9Ij5VhWO2AwTpFLfkFPMX9J5zTZeE0c68N43bzZWErL92qwe4f76mAupvf9qfkU_ZetA
$response->access_token: A21AALNIWuMqiGB7ekKGJKRwMeP-p9Ij5VhWO2AwTpFLfkFPMX9J5zTZeE0c68N43bzZWErL92qwe4f76mAupvf9qfkU_ZetA
$response->access_token: A21AALNIWuMqiGB7ekKGJKRwMeP-p9Ij5VhWO2AwTpFLfkFPMX9J5zTZeE0c68N43bzZWErL92qwe4f76mAupvf9qfkU_ZetA
$response->access_token: A21AALNIWuMqiGB7ekKGJKRwMeP-p9Ij5VhWO2AwTpFLfkFPMX9J5zTZeE0c68N43bzZWErL92qwe4f76mAupvf9qfkU_ZetA
$response->access_token: A21AALNIWuMqiGB7ekKGJKRwMeP-p9Ij5VhWO2AwTpFLfkFPMX9J5zTZeE0c68N43bzZWErL92qwe4f76mAupvf9qfkU_ZetA
$response->access_token: A21AALNIWuMqiGB7ekKGJKRwMeP-p9Ij5VhWO2AwTpFLfkFPMX9J5zTZeE0c68N43bzZWErL92qwe4f76mAupvf9qfkU_ZetA
$response->access_token: A21AALNIWuMqiGB7ekKGJKRwMeP-p9Ij5VhWO2AwTpFLfkFPMX9J5zTZeE0c68N43bzZWErL92qwe4f76mAupvf9qfkU_ZetA
$response->access_token: A21AALNIWuMqiGB7ekKGJKRwMeP-p9Ij5VhWO2AwTpFLfkFPMX9J5zTZeE0c68N43bzZWErL92qwe4f76mAupvf9qfkU_ZetA
$response->access_token: A21AALNIWuMqiGB7ekKGJKRwMeP-p9Ij5VhWO2AwTpFLfkFPMX9J5zTZeE0c68N43bzZWErL92qwe4f76mAupvf9qfkU_ZetA
$response->access_token: A21AALNIWuMqiGB7ekKGJKRwMeP-p9Ij5VhWO2AwTpFLfkFPMX9J5zTZeE0c68N43bzZWErL92qwe4f76mAupvf9qfkU_ZetA
$response->access_token: A21AALNIWuMqiGB7ekKGJKRwMeP-p9Ij5VhWO2AwTpFLfkFPMX9J5zTZeE0c68N43bzZWErL92qwe4f76mAupvf9qfkU_ZetA
$response->access_token: A21AALNIWuMqiGB7ekKGJKRwMeP-p9Ij5VhWO2AwTpFLfkFPMX9J5zTZeE0c68N43bzZWErL92qwe4f76mAupvf9qfkU_ZetA
$response->access_token: A21AALNIWuMqiGB7ekKGJKRwMeP-p9Ij5VhWO2AwTpFLfkFPMX9J5zTZeE0c68N43bzZWErL92qwe4f76mAupvf9qfkU_ZetA
$response->access_token: A21AALNIWuMqiGB7ekKGJKRwMeP-p9Ij5VhWO2AwTpFLfkFPMX9J5zTZeE0c68N43bzZWErL92qwe4f76mAupvf9qfkU_ZetA
$response->access_token: A21AALNIWuMqiGB7ekKGJKRwMeP-p9Ij5VhWO2AwTpFLfkFPMX9J5zTZeE0c68N43bzZWErL92qwe4f76mAupvf9qfkU_ZetA
$response->access_token: A21AAJfjj1_se_nRmUVcS_fHefBhBpTvdE9-ZQgUZl2k4Otqj6zHT_vR_WGEpfa-6FuKUFabh5PGbsDJUgOm6IPcs8FoBP1Pw
$response->access_token: A21AAJfjj1_se_nRmUVcS_fHefBhBpTvdE9-ZQgUZl2k4Otqj6zHT_vR_WGEpfa-6FuKUFabh5PGbsDJUgOm6IPcs8FoBP1Pw
$response->access_token: A21AAJfjj1_se_nRmUVcS_fHefBhBpTvdE9-ZQgUZl2k4Otqj6zHT_vR_WGEpfa-6FuKUFabh5PGbsDJUgOm6IPcs8FoBP1Pw
$response->access_token: A21AAJfjj1_se_nRmUVcS_fHefBhBpTvdE9-ZQgUZl2k4Otqj6zHT_vR_WGEpfa-6FuKUFabh5PGbsDJUgOm6IPcs8FoBP1Pw
$response->access_token: A21AAJfjj1_se_nRmUVcS_fHefBhBpTvdE9-ZQgUZl2k4Otqj6zHT_vR_WGEpfa-6FuKUFabh5PGbsDJUgOm6IPcs8FoBP1Pw
$response->access_token: A21AAJfjj1_se_nRmUVcS_fHefBhBpTvdE9-ZQgUZl2k4Otqj6zHT_vR_WGEpfa-6FuKUFabh5PGbsDJUgOm6IPcs8FoBP1Pw
$response->access_token: A21AAJfjj1_se_nRmUVcS_fHefBhBpTvdE9-ZQgUZl2k4Otqj6zHT_vR_WGEpfa-6FuKUFabh5PGbsDJUgOm6IPcs8FoBP1Pw
$response->access_token: A21AAJfjj1_se_nRmUVcS_fHefBhBpTvdE9-ZQgUZl2k4Otqj6zHT_vR_WGEpfa-6FuKUFabh5PGbsDJUgOm6IPcs8FoBP1Pw
$response->access_token: A21AAJfjj1_se_nRmUVcS_fHefBhBpTvdE9-ZQgUZl2k4Otqj6zHT_vR_WGEpfa-6FuKUFabh5PGbsDJUgOm6IPcs8FoBP1Pw
$response->access_token: A21AAJfjj1_se_nRmUVcS_fHefBhBpTvdE9-ZQgUZl2k4Otqj6zHT_vR_WGEpfa-6FuKUFabh5PGbsDJUgOm6IPcs8FoBP1Pw
$response->access_token: A21AAJfjj1_se_nRmUVcS_fHefBhBpTvdE9-ZQgUZl2k4Otqj6zHT_vR_WGEpfa-6FuKUFabh5PGbsDJUgOm6IPcs8FoBP1Pw
$response->access_token: A21AAJfjj1_se_nRmUVcS_fHefBhBpTvdE9-ZQgUZl2k4Otqj6zHT_vR_WGEpfa-6FuKUFabh5PGbsDJUgOm6IPcs8FoBP1Pw
$response->access_token: A21AAJfjj1_se_nRmUVcS_fHefBhBpTvdE9-ZQgUZl2k4Otqj6zHT_vR_WGEpfa-6FuKUFabh5PGbsDJUgOm6IPcs8FoBP1Pw
$response->access_token: A21AAJfjj1_se_nRmUVcS_fHefBhBpTvdE9-ZQgUZl2k4Otqj6zHT_vR_WGEpfa-6FuKUFabh5PGbsDJUgOm6IPcs8FoBP1Pw
$response->access_token: A21AAJfjj1_se_nRmUVcS_fHefBhBpTvdE9-ZQgUZl2k4Otqj6zHT_vR_WGEpfa-6FuKUFabh5PGbsDJUgOm6IPcs8FoBP1Pw
$response->access_token: A21AAJfjj1_se_nRmUVcS_fHefBhBpTvdE9-ZQgUZl2k4Otqj6zHT_vR_WGEpfa-6FuKUFabh5PGbsDJUgOm6IPcs8FoBP1Pw
$response->access_token: A21AAJfjj1_se_nRmUVcS_fHefBhBpTvdE9-ZQgUZl2k4Otqj6zHT_vR_WGEpfa-6FuKUFabh5PGbsDJUgOm6IPcs8FoBP1Pw
$response->access_token: A21AAJfjj1_se_nRmUVcS_fHefBhBpTvdE9-ZQgUZl2k4Otqj6zHT_vR_WGEpfa-6FuKUFabh5PGbsDJUgOm6IPcs8FoBP1Pw
$response->access_token: A21AAJfjj1_se_nRmUVcS_fHefBhBpTvdE9-ZQgUZl2k4Otqj6zHT_vR_WGEpfa-6FuKUFabh5PGbsDJUgOm6IPcs8FoBP1Pw
$response->access_token: A21AAJfjj1_se_nRmUVcS_fHefBhBpTvdE9-ZQgUZl2k4Otqj6zHT_vR_WGEpfa-6FuKUFabh5PGbsDJUgOm6IPcs8FoBP1Pw
$response->access_token: A21AAJfjj1_se_nRmUVcS_fHefBhBpTvdE9-ZQgUZl2k4Otqj6zHT_vR_WGEpfa-6FuKUFabh5PGbsDJUgOm6IPcs8FoBP1Pw
$response->access_token: A21AAJfjj1_se_nRmUVcS_fHefBhBpTvdE9-ZQgUZl2k4Otqj6zHT_vR_WGEpfa-6FuKUFabh5PGbsDJUgOm6IPcs8FoBP1Pw
$response->access_token: A21AAJfjj1_se_nRmUVcS_fHefBhBpTvdE9-ZQgUZl2k4Otqj6zHT_vR_WGEpfa-6FuKUFabh5PGbsDJUgOm6IPcs8FoBP1Pw
$response->access_token: A21AAJfjj1_se_nRmUVcS_fHefBhBpTvdE9-ZQgUZl2k4Otqj6zHT_vR_WGEpfa-6FuKUFabh5PGbsDJUgOm6IPcs8FoBP1Pw
$response->access_token: A21AAJfjj1_se_nRmUVcS_fHefBhBpTvdE9-ZQgUZl2k4Otqj6zHT_vR_WGEpfa-6FuKUFabh5PGbsDJUgOm6IPcs8FoBP1Pw
$response->access_token: A21AAJfjj1_se_nRmUVcS_fHefBhBpTvdE9-ZQgUZl2k4Otqj6zHT_vR_WGEpfa-6FuKUFabh5PGbsDJUgOm6IPcs8FoBP1Pw
$response->access_token: A21AAJfjj1_se_nRmUVcS_fHefBhBpTvdE9-ZQgUZl2k4Otqj6zHT_vR_WGEpfa-6FuKUFabh5PGbsDJUgOm6IPcs8FoBP1Pw
