subcription Data: stdClass Object
(
    [status] => APPROVAL_PENDING
    [id] => I-52WX9CT4N400
    [create_time] => 2024-06-11T01:54:20Z
    [links] => Array
        (
            [0] => stdClass Object
                (
                    [href] => https://www.sandbox.paypal.com/webapps/billing/subscriptions?ba_token=BA-14A36247P7215642V
                    [rel] => approve
                    [method] => GET
                )

            [1] => stdClass Object
                (
                    [href] => https://api.sandbox.paypal.com/v1/billing/subscriptions/I-52WX9CT4N400
                    [rel] => edit
                    [method] => PATCH
                )

            [2] => stdClass Object
                (
                    [href] => https://api.sandbox.paypal.com/v1/billing/subscriptions/I-52WX9CT4N400
                    [rel] => self
                    [method] => GET
                )

        )

)

subcription Data: stdClass Object
(
    [status] => APPROVAL_PENDING
    [id] => I-LL9FSYWYTTER
    [create_time] => 2024-06-12T01:43:45Z
    [links] => Array
        (
            [0] => stdClass Object
                (
                    [href] => https://www.sandbox.paypal.com/webapps/billing/subscriptions?ba_token=BA-9B071176XF9531739
                    [rel] => approve
                    [method] => GET
                )

            [1] => stdClass Object
                (
                    [href] => https://api.sandbox.paypal.com/v1/billing/subscriptions/I-LL9FSYWYTTER
                    [rel] => edit
                    [method] => PATCH
                )

            [2] => stdClass Object
                (
                    [href] => https://api.sandbox.paypal.com/v1/billing/subscriptions/I-LL9FSYWYTTER
                    [rel] => self
                    [method] => GET
                )

        )

)

subcription Data: stdClass Object
(
    [status] => APPROVAL_PENDING
    [id] => I-CL75TDVJN9TR
    [create_time] => 2024-06-12T01:46:44Z
    [links] => Array
        (
            [0] => stdClass Object
                (
                    [href] => https://www.sandbox.paypal.com/webapps/billing/subscriptions?ba_token=BA-66A91470WX2985744
                    [rel] => approve
                    [method] => GET
                )

            [1] => stdClass Object
                (
                    [href] => https://api.sandbox.paypal.com/v1/billing/subscriptions/I-CL75TDVJN9TR
                    [rel] => edit
                    [method] => PATCH
                )

            [2] => stdClass Object
                (
                    [href] => https://api.sandbox.paypal.com/v1/billing/subscriptions/I-CL75TDVJN9TR
                    [rel] => self
                    [method] => GET
                )

        )

)

subcription Data: stdClass Object
(
    [status] => APPROVAL_PENDING
    [id] => I-TDGX9PD8XBN5
    [create_time] => 2024-06-12T01:53:03Z
    [links] => Array
        (
            [0] => stdClass Object
                (
                    [href] => https://www.sandbox.paypal.com/webapps/billing/subscriptions?ba_token=BA-31F17241HC0913156
                    [rel] => approve
                    [method] => GET
                )

            [1] => stdClass Object
                (
                    [href] => https://api.sandbox.paypal.com/v1/billing/subscriptions/I-TDGX9PD8XBN5
                    [rel] => edit
                    [method] => PATCH
                )

            [2] => stdClass Object
                (
                    [href] => https://api.sandbox.paypal.com/v1/billing/subscriptions/I-TDGX9PD8XBN5
                    [rel] => self
                    [method] => GET
                )

        )

)

