TypeSubcriptionCancel: Array
(
    [status_change_note] => USER_INITIATED_CANCEL
    [quantity] => 1
    [subscriber] => Array
        (
            [email_address] => voanlaptrinh@gmail.com
            [payer_id] => XMCB6B422QAPN
            [name] => Array
                (
                    [given_name] => khánh
                    [surname] => khanh
                )

        )

    [create_time] => 2024-06-10T02:41:28Z
    [plan_overridden] => 
    [shipping_amount] => Array
        (
            [currency_code] => USD
            [value] => 0.0
        )

    [start_time] => 2024-06-10T02:41:58Z
    [update_time] => 2024-06-10T04:09:06Z
    [billing_info] => Array
        (
            [outstanding_balance] => Array
                (
                    [currency_code] => USD
                    [value] => 0.0
                )

            [cycle_executions] => Array
                (
                    [0] => Array
                        (
                            [tenure_type] => REGULAR
                            [sequence] => 1
                            [cycles_completed] => 1
                            [cycles_remaining] => 11
                            [current_pricing_scheme_version] => 1
                            [total_cycles] => 12
                        )

                )

            [last_payment] => Array
                (
                    [amount] => Array
                        (
                            [currency_code] => USD
                            [value] => 10.0
                        )

                    [time] => 2024-06-10T02:41:29Z
                )

            [failed_payments_count] => 0
        )

    [links] => Array
        (
            [0] => Array
                (
                    [href] => https://api.sandbox.paypal.com/v1/billing/subscriptions/I-LUV8DFRC3JX4
                    [rel] => self
                    [method] => GET
                    [encType] => application/json
                )

        )

    [id] => I-LUV8DFRC3JX4
    [plan_id] => P-8TS089997C253674WMZTGPQA
    [status] => CANCELLED
    [status_update_time] => 2024-06-10T04:09:06Z
)

TypeSubcriptionCancel: Array
(
    [status_change_note] => USER_INITIATED_CANCEL
    [quantity] => 1
    [subscriber] => Array
        (
            [email_address] => voanlaptrinh@gmail.com
            [payer_id] => XMCB6B422QAPN
            [name] => Array
                (
                    [given_name] => khánh
                    [surname] => khanh
                )

        )

    [create_time] => 2024-06-10T02:32:34Z
    [plan_overridden] => 
    [shipping_amount] => Array
        (
            [currency_code] => USD
            [value] => 0.0
        )

    [start_time] => 2024-06-10T02:33:04Z
    [update_time] => 2024-06-10T04:16:45Z
    [billing_info] => Array
        (
            [outstanding_balance] => Array
                (
                    [currency_code] => USD
                    [value] => 0.0
                )

            [cycle_executions] => Array
                (
                    [0] => Array
                        (
                            [tenure_type] => REGULAR
                            [sequence] => 1
                            [cycles_completed] => 1
                            [cycles_remaining] => 11
                            [current_pricing_scheme_version] => 1
                            [total_cycles] => 12
                        )

                )

            [last_payment] => Array
                (
                    [amount] => Array
                        (
                            [currency_code] => USD
                            [value] => 10.0
                        )

                    [time] => 2024-06-10T02:32:35Z
                )

            [failed_payments_count] => 0
        )

    [links] => Array
        (
            [0] => Array
                (
                    [href] => https://api.sandbox.paypal.com/v1/billing/subscriptions/I-2KPA7C57XJ5S
                    [rel] => self
                    [method] => GET
                    [encType] => application/json
                )

        )

    [id] => I-2KPA7C57XJ5S
    [plan_id] => P-7BU19314GL0347623MZTGLKQ
    [status] => CANCELLED
    [status_update_time] => 2024-06-10T04:16:45Z
)

TypeSubcriptionCancel: Array
(
    [id] => I-PE7JWXKGVN0R
    [shipping_address] => Array
        (
            [recipient_name] => Cool Buyer
            [line1] => 3rd st
            [line2] => cool
            [city] => San Jose
            [state] => CA
            [postal_code] => 95112
            [country_code] => US
        )

    [plan] => Array
        (
            [curr_code] => USD
            [links] => Array
                (
                )

            [payment_definitions] => Array
                (
                    [0] => Array
                        (
                            [type] => TRIAL
                            [frequency] => Month
                            [frequency_interval] => 1
                            [amount] => Array
                                (
                                    [value] => 5.00
                                )

                            [cycles] => 5
                            [charge_models] => Array
                                (
                                    [0] => Array
                                        (
                                            [type] => TAX
                                            [amount] => Array
                                                (
                                                    [value] => 1.00
                                                )

                                        )

                                    [1] => Array
                                        (
                                            [type] => SHIPPING
                                            [amount] => Array
                                                (
                                                    [value] => 1.00
                                                )

                                        )

                                )

                        )

                    [1] => Array
                        (
                            [type] => REGULAR
                            [frequency] => Month
                            [frequency_interval] => 1
                            [amount] => Array
                                (
                                    [value] => 10.00
                                )

                            [cycles] => 15
                            [charge_models] => Array
                                (
                                    [0] => Array
                                        (
                                            [type] => TAX
                                            [amount] => Array
                                                (
                                                    [value] => 2.00
                                                )

                                        )

                                    [1] => Array
                                        (
                                            [type] => SHIPPING
                                            [amount] => Array
                                                (
                                                    [value] => 1.00
                                                )

                                        )

                                )

                        )

                )

            [merchant_preferences] => Array
                (
                    [setup_fee] => Array
                        (
                            [value] => 0.00
                        )

                    [auto_bill_amount] => YES
                    [max_fail_attempts] => 21
                )

        )

    [payer] => Array
        (
            [payment_method] => paypal
            [status] => verified
            [payer_info] => Array
                (
                    [email] => coolbuyer@example.com
                    [first_name] => Cool
                    [last_name] => Buyer
                    [payer_id] => XLHKRXRA4H7QY
                    [shipping_address] => Array
                        (
                            [recipient_name] => Cool Buyer
                            [line1] => 3rd st
                            [line2] => cool
                            [city] => San Jose
                            [state] => CA
                            [postal_code] => 95112
                            [country_code] => US
                        )

                )

        )

    [agreement_details] => Array
        (
            [outstanding_balance] => Array
                (
                    [value] => 0.00
                )

            [num_cycles_remaining] => 5
            [num_cycles_completed] => 0
            [last_payment_date] => 2016-04-28T11:29:54Z
            [last_payment_amount] => Array
                (
                    [value] => 1.00
                )

            [final_payment_due_date] => 2017-11-30T10:00:00Z
            [failed_payment_count] => 0
        )

    [description] => update desc
    [state] => Cancelled
    [links] => Array
        (
            [0] => Array
                (
                    [href] => https://api.paypal.com/v1/payments/billing-agreements/I-PE7JWXKGVN0R
                    [rel] => self
                    [method] => GET
                )

        )

    [start_date] => 2016-04-30T07:00:00Z
)

TypeSubcriptionCancel: Array
(
    [id] => I-PE7JWXKGVN0R
    [shipping_address] => Array
        (
            [recipient_name] => Cool Buyer
            [line1] => 3rd st
            [line2] => cool
            [city] => San Jose
            [state] => CA
            [postal_code] => 95112
            [country_code] => US
        )

    [plan] => Array
        (
            [curr_code] => USD
            [links] => Array
                (
                )

            [payment_definitions] => Array
                (
                    [0] => Array
                        (
                            [type] => TRIAL
                            [frequency] => Month
                            [frequency_interval] => 1
                            [amount] => Array
                                (
                                    [value] => 5.00
                                )

                            [cycles] => 5
                            [charge_models] => Array
                                (
                                    [0] => Array
                                        (
                                            [type] => TAX
                                            [amount] => Array
                                                (
                                                    [value] => 1.00
                                                )

                                        )

                                    [1] => Array
                                        (
                                            [type] => SHIPPING
                                            [amount] => Array
                                                (
                                                    [value] => 1.00
                                                )

                                        )

                                )

                        )

                    [1] => Array
                        (
                            [type] => REGULAR
                            [frequency] => Month
                            [frequency_interval] => 1
                            [amount] => Array
                                (
                                    [value] => 10.00
                                )

                            [cycles] => 15
                            [charge_models] => Array
                                (
                                    [0] => Array
                                        (
                                            [type] => TAX
                                            [amount] => Array
                                                (
                                                    [value] => 2.00
                                                )

                                        )

                                    [1] => Array
                                        (
                                            [type] => SHIPPING
                                            [amount] => Array
                                                (
                                                    [value] => 1.00
                                                )

                                        )

                                )

                        )

                )

            [merchant_preferences] => Array
                (
                    [setup_fee] => Array
                        (
                            [value] => 0.00
                        )

                    [auto_bill_amount] => YES
                    [max_fail_attempts] => 21
                )

        )

    [payer] => Array
        (
            [payment_method] => paypal
            [status] => verified
            [payer_info] => Array
                (
                    [email] => coolbuyer@example.com
                    [first_name] => Cool
                    [last_name] => Buyer
                    [payer_id] => XLHKRXRA4H7QY
                    [shipping_address] => Array
                        (
                            [recipient_name] => Cool Buyer
                            [line1] => 3rd st
                            [line2] => cool
                            [city] => San Jose
                            [state] => CA
                            [postal_code] => 95112
                            [country_code] => US
                        )

                )

        )

    [agreement_details] => Array
        (
            [outstanding_balance] => Array
                (
                    [value] => 0.00
                )

            [num_cycles_remaining] => 5
            [num_cycles_completed] => 0
            [last_payment_date] => 2016-04-28T11:29:54Z
            [last_payment_amount] => Array
                (
                    [value] => 1.00
                )

            [final_payment_due_date] => 2017-11-30T10:00:00Z
            [failed_payment_count] => 0
        )

    [description] => update desc
    [state] => Cancelled
    [links] => Array
        (
            [0] => Array
                (
                    [href] => https://api.paypal.com/v1/payments/billing-agreements/I-PE7JWXKGVN0R
                    [rel] => self
                    [method] => GET
                )

        )

    [start_date] => 2016-04-30T07:00:00Z
)

